<?xml version="1.0" encoding="UTF-8"?>
<!-- Generated by org.testng.reporters.JUnitReportReporter -->
<testsuite ignored="0" hostname="LAPTOP-R1C2DS9T" failures="0" tests="4" name="com.tutorialsninja.qa.testcases.RegisterPageTest" time="20.275" errors="0" timestamp="14 Jun 2023 15:59:54 GMT" skipped="0">
  <testcase classname="com.tutorialsninja.qa.testcases.RegisterPageTest" name="registerWithMandatoryFields" time="5.723"/>
  <testcase classname="com.tutorialsninja.qa.testcases.RegisterPageTest" name="registerWithAllFields" time="5.247"/>
  <testcase classname="com.tutorialsninja.qa.testcases.RegisterPageTest" name="registerWithoutInput" time="4.419"/>
  <testcase classname="com.tutorialsninja.qa.testcases.RegisterPageTest" name="verifyResteringWithAlreadyExistingAccount" time="4.886"/>
</testsuite> <!-- com.tutorialsninja.qa.testcases.RegisterPageTest -->
