<?xml version="1.0" encoding="UTF-8"?>
<!-- Generated by org.testng.reporters.JUnitReportReporter -->
<testsuite ignored="0" hostname="LAPTOP-R1C2DS9T" failures="0" tests="3" name="com.tutorialsninja.qa.testcases.SearchPageTest" time="9.787" errors="0" timestamp="14 Jun 2023 15:59:54 GMT" skipped="0">
  <testcase classname="com.tutorialsninja.qa.testcases.SearchPageTest" name="SearchWithValidProduct" time="3.559"/>
  <testcase classname="com.tutorialsninja.qa.testcases.SearchPageTest" name="SearchWithoutAnyProduct" time="3.143"/>
  <testcase classname="com.tutorialsninja.qa.testcases.SearchPageTest" name="SearchWithInValidProduct" time="3.085"/>
</testsuite> <!-- com.tutorialsninja.qa.testcases.SearchPageTest -->
