<?xml version="1.0" encoding="UTF-8"?>
<!-- Generated by org.testng.reporters.JUnitReportReporter -->
<testsuite ignored="0" hostname="LAPTOP-R1C2DS9T" failures="0" tests="7" name="com.tutorialsninja.qa.testcases.LoginPageTest" time="32.603" errors="0" timestamp="14 Jun 2023 15:59:54 GMT" skipped="0">
  <testcase classname="com.tutorialsninja.qa.testcases.LoginPageTest" name="loginWithValidCredentials" time="6.323"/>
  <testcase classname="com.tutorialsninja.qa.testcases.LoginPageTest" name="loginWithInvalidEmailValidPassword" time="3.982"/>
  <testcase classname="com.tutorialsninja.qa.testcases.LoginPageTest" name="loginWithValidCredentials" time="5.237"/>
  <testcase classname="com.tutorialsninja.qa.testcases.LoginPageTest" name="loginWithInvalidCredentials" time="4.825"/>
  <testcase classname="com.tutorialsninja.qa.testcases.LoginPageTest" name="loginWithValidEmailInvalidPassword" time="4.658"/>
  <testcase classname="com.tutorialsninja.qa.testcases.LoginPageTest" name="loginWithoutCredentials" time="3.435"/>
  <testcase classname="com.tutorialsninja.qa.testcases.LoginPageTest" name="loginWithValidCredentials" time="4.143"/>
</testsuite> <!-- com.tutorialsninja.qa.testcases.LoginPageTest -->
